<?xml version="1.0" encoding="UTF-8"?>
<!-- Generated by org.testng.reporters.JUnitReportReporter -->
<testsuite hostname="Anand" failures="0" tests="2" name="rahulshettyacademy.SeleniumFrameworkDesign.Tests.OrderBookingTest" time="18.414" errors="1" timestamp="2024-08-11T23:33:04 IST" skipped="0">
  <testcase classname="rahulshettyacademy.SeleniumFrameworkDesign.Tests.OrderBookingTest" name="OrderHistoryTest" time="2.877">
    <error message="javascript error: arguments[0].setAttribute is not a function
  (Session info: chrome=127.0.6533.100)
Build info: version: &#039;4.23.0&#039;, revision: &#039;4df0a231af&#039;
System info: os.name: &#039;Windows 11&#039;, os.arch: &#039;amd64&#039;, os.version: &#039;10.0&#039;, java.version: &#039;17.0.10&#039;
Driver info: org.openqa.selenium.chrome.ChromeDriver
Command: [d1626496f59815edf75278b1e91a546c, executeScript {script=arguments[0].setAttribute(&#039;style&#039;, &#039;background: transparent; border: 2px solid red;&#039;);, args=[[{element-6066-11e4-a52e-4f735466cecf=f.7AD4488D9A8787F3FDD2D7AC6A8690AB.d.D69C6C4DCA1521CB28A1FF506087EDA8.e.85}, {element-6066-11e4-a52e-4f735466cecf=f.7AD4488D9A8787F3FDD2D7AC6A8690AB.d.D69C6C4DCA1521CB28A1FF506087EDA8.e.86}, {element-6066-11e4-a52e-4f735466cecf=f.7AD4488D9A8787F3FDD2D7AC6A8690AB.d.D69C6C4DCA1521CB28A1FF506087EDA8.e.87}, {element-6066-11e4-a52e-4f735466cecf=f.7AD4488D9A8787F3FDD2D7AC6A8690AB.d.D69C6C4DCA1521CB28A1FF506087EDA8.e.88}, {element-6066-11e4-a52e-4f735466cecf=f.7AD4488D9A8787F3FDD2D7AC6A8690AB.d.D69C6C4DCA1521CB28A1FF506087EDA8.e.89}, {element-6066-11e4-a52e-4f735466cecf=f.7AD4488D9A8787F3FDD2D7AC6A8690AB.d.D69C6C4DCA1521CB28A1FF506087EDA8.e.90}, {element-6066-11e4-a52e-4f735466cecf=f.7AD4488D9A8787F3FDD2D7AC6A8690AB.d.D69C6C4DCA1521CB28A1FF506087EDA8.e.91}]]}]
Capabilities {acceptInsecureCerts: false, browserName: chrome, browserVersion: 127.0.6533.100, chrome: {chromedriverVersion: 127.0.6533.99 (f31af5097d90..., userDataDir: C:\Users\agarw\AppData\Loca...}, fedcm:accounts: true, goog:chromeOptions: {debuggerAddress: localhost:64773}, networkConnectionEnabled: false, pageLoadStrategy: normal, platformName: windows, proxy: Proxy(), se:cdp: ws://localhost:64773/devtoo..., se:cdpVersion: 127.0.6533.100, setWindowRect: true, strictFileInteractability: false, timeouts: {implicit: 0, pageLoad: 300000, script: 30000}, unhandledPromptBehavior: dismiss and notify, webauthn:extension:credBlob: true, webauthn:extension:largeBlob: true, webauthn:extension:minPinLength: true, webauthn:extension:prf: true, webauthn:virtualAuthenticators: true}
Session ID: d1626496f59815edf75278b1e91a546c" type="org.openqa.selenium.JavascriptException">
      <![CDATA[org.openqa.selenium.JavascriptException: javascript error: arguments[0].setAttribute is not a function
  (Session info: chrome=127.0.6533.100)
Build info: version: '4.23.0', revision: '4df0a231af'
System info: os.name: 'Windows 11', os.arch: 'amd64', os.version: '10.0', java.version: '17.0.10'
Driver info: org.openqa.selenium.chrome.ChromeDriver
Command: [d1626496f59815edf75278b1e91a546c, executeScript {script=arguments[0].setAttribute('style', 'background: transparent; border: 2px solid red;');, args=[[{element-6066-11e4-a52e-4f735466cecf=f.7AD4488D9A8787F3FDD2D7AC6A8690AB.d.D69C6C4DCA1521CB28A1FF506087EDA8.e.85}, {element-6066-11e4-a52e-4f735466cecf=f.7AD4488D9A8787F3FDD2D7AC6A8690AB.d.D69C6C4DCA1521CB28A1FF506087EDA8.e.86}, {element-6066-11e4-a52e-4f735466cecf=f.7AD4488D9A8787F3FDD2D7AC6A8690AB.d.D69C6C4DCA1521CB28A1FF506087EDA8.e.87}, {element-6066-11e4-a52e-4f735466cecf=f.7AD4488D9A8787F3FDD2D7AC6A8690AB.d.D69C6C4DCA1521CB28A1FF506087EDA8.e.88}, {element-6066-11e4-a52e-4f735466cecf=f.7AD4488D9A8787F3FDD2D7AC6A8690AB.d.D69C6C4DCA1521CB28A1FF506087EDA8.e.89}, {element-6066-11e4-a52e-4f735466cecf=f.7AD4488D9A8787F3FDD2D7AC6A8690AB.d.D69C6C4DCA1521CB28A1FF506087EDA8.e.90}, {element-6066-11e4-a52e-4f735466cecf=f.7AD4488D9A8787F3FDD2D7AC6A8690AB.d.D69C6C4DCA1521CB28A1FF506087EDA8.e.91}]]}]
Capabilities {acceptInsecureCerts: false, browserName: chrome, browserVersion: 127.0.6533.100, chrome: {chromedriverVersion: 127.0.6533.99 (f31af5097d90..., userDataDir: C:\Users\agarw\AppData\Loca...}, fedcm:accounts: true, goog:chromeOptions: {debuggerAddress: localhost:64773}, networkConnectionEnabled: false, pageLoadStrategy: normal, platformName: windows, proxy: Proxy(), se:cdp: ws://localhost:64773/devtoo..., se:cdpVersion: 127.0.6533.100, setWindowRect: true, strictFileInteractability: false, timeouts: {implicit: 0, pageLoad: 300000, script: 30000}, unhandledPromptBehavior: dismiss and notify, webauthn:extension:credBlob: true, webauthn:extension:largeBlob: true, webauthn:extension:minPinLength: true, webauthn:extension:prf: true, webauthn:virtualAuthenticators: true}
Session ID: d1626496f59815edf75278b1e91a546c
at java.base/jdk.internal.reflect.NativeConstructorAccessorImpl.newInstance0(Native Method)
at java.base/jdk.internal.reflect.NativeConstructorAccessorImpl.newInstance(NativeConstructorAccessorImpl.java:77)
at java.base/jdk.internal.reflect.DelegatingConstructorAccessorImpl.newInstance(DelegatingConstructorAccessorImpl.java:45)
at java.base/java.lang.reflect.Constructor.newInstanceWithCaller(Constructor.java:499)
at java.base/java.lang.reflect.Constructor.newInstance(Constructor.java:480)
at org.openqa.selenium.remote.ErrorCodec.decode(ErrorCodec.java:167)
at org.openqa.selenium.remote.codec.w3c.W3CHttpResponseCodec.decode(W3CHttpResponseCodec.java:138)
at org.openqa.selenium.remote.codec.w3c.W3CHttpResponseCodec.decode(W3CHttpResponseCodec.java:50)
at org.openqa.selenium.remote.HttpCommandExecutor.execute(HttpCommandExecutor.java:190)
at org.openqa.selenium.remote.service.DriverCommandExecutor.invokeExecute(DriverCommandExecutor.java:216)
at org.openqa.selenium.remote.service.DriverCommandExecutor.execute(DriverCommandExecutor.java:174)
at org.openqa.selenium.remote.RemoteWebDriver.execute(RemoteWebDriver.java:527)
at org.openqa.selenium.remote.RemoteWebDriver.executeScript(RemoteWebDriver.java:465)
at rahulshettyacademy.SeleniumFrameworkDesign.GenericUtility.GenericUtility.highLighterElementsMethod(GenericUtility.java:79)
at rahulshettyacademy.SeleniumFrameworkDesign.PageObjects.OrderPageObjects.verifyProductInOrderHistory(OrderPageObjects.java:27)
at rahulshettyacademy.SeleniumFrameworkDesign.Tests.OrderBookingTest.OrderHistoryTest(OrderBookingTest.java:54)
at java.base/jdk.internal.reflect.NativeMethodAccessorImpl.invoke0(Native Method)
at java.base/jdk.internal.reflect.NativeMethodAccessorImpl.invoke(NativeMethodAccessorImpl.java:77)
at java.base/jdk.internal.reflect.DelegatingMethodAccessorImpl.invoke(DelegatingMethodAccessorImpl.java:43)
at java.base/java.lang.reflect.Method.invoke(Method.java:568)
at org.testng.internal.MethodInvocationHelper.invokeMethod(MethodInvocationHelper.java:133)
at org.testng.internal.TestInvoker.invokeMethod(TestInvoker.java:598)
at org.testng.internal.TestInvoker.invokeTestMethod(TestInvoker.java:173)
at org.testng.internal.MethodRunner.runInSequence(MethodRunner.java:46)
at org.testng.internal.TestInvoker$MethodInvocationAgent.invoke(TestInvoker.java:824)
at org.testng.internal.TestInvoker.invokeTestMethods(TestInvoker.java:146)
at org.testng.internal.TestMethodWorker.invokeTestMethods(TestMethodWorker.java:146)
at org.testng.internal.TestMethodWorker.run(TestMethodWorker.java:128)
at java.base/java.util.ArrayList.forEach(ArrayList.java:1511)
at org.testng.TestRunner.privateRun(TestRunner.java:794)
at org.testng.TestRunner.run(TestRunner.java:596)
at org.testng.SuiteRunner.runTest(SuiteRunner.java:377)
at org.testng.SuiteRunner.runSequentially(SuiteRunner.java:371)
at org.testng.SuiteRunner.privateRun(SuiteRunner.java:332)
at org.testng.SuiteRunner.run(SuiteRunner.java:276)
at org.testng.SuiteRunnerWorker.runSuite(SuiteRunnerWorker.java:53)
at org.testng.SuiteRunnerWorker.run(SuiteRunnerWorker.java:96)
at org.testng.TestNG.runSuitesSequentially(TestNG.java:1212)
at org.testng.TestNG.runSuitesLocally(TestNG.java:1134)
at org.testng.TestNG.runSuites(TestNG.java:1063)
at org.testng.TestNG.run(TestNG.java:1031)
at org.testng.remote.AbstractRemoteTestNG.run(AbstractRemoteTestNG.java:115)
at org.testng.remote.RemoteTestNG.initAndRun(RemoteTestNG.java:293)
at org.testng.remote.RemoteTestNG.main(RemoteTestNG.java:91)
]]>
    </error>
  </testcase> <!-- OrderHistoryTest -->
  <system-out/>
  <testcase classname="rahulshettyacademy.SeleniumFrameworkDesign.Tests.OrderBookingTest" name="E2EBooking" time="15.537"/>
  <system-out/>
</testsuite> <!-- rahulshettyacademy.SeleniumFrameworkDesign.Tests.OrderBookingTest -->
